e:\programming\c++2\kitchenpos\project1\project1\project1\debug\vc120.pdb
e:\programming\c++2\kitchenpos\project1\project1\project1\debug\timepunch.obj
e:\programming\c++2\kitchenpos\project1\project1\project1\debug\myform.obj
e:\programming\c++2\kitchenpos\project1\project1\project1\debug\mainpage.obj
e:\programming\c++2\kitchenpos\project1\project1\project1\debug\loginform1.obj
e:\programming\c++2\kitchenpos\project1\project1\project1\debug\balanceform.obj
e:\programming\c++2\kitchenpos\project1\project1\project1\debug\.netframework,version=v4.5.assemblyattributes.obj
e:\programming\c++2\kitchenpos\project1\project1\debug\project1.exe
e:\programming\c++2\kitchenpos\project1\project1\debug\project1.pdb
e:\programming\c++2\kitchenpos\project1\project1\project1\debug\project1.tlog\metagen.write.1.tlog
e:\programming\c++2\kitchenpos\project1\project1\project1\debug\project1.balanceform.resources
e:\programming\c++2\kitchenpos\project1\project1\project1\debug\project1.loginform.resources
e:\programming\c++2\kitchenpos\project1\project1\project1\debug\project1.loginform1.resources
e:\programming\c++2\kitchenpos\project1\project1\project1\debug\project1.mainpage.resources
e:\programming\c++2\kitchenpos\project1\project1\project1\debug\project1.timepunch.resources
e:\programming\c++2\kitchenpos\project1\project1\project1\debug\project1.vcxproj.generateresource.cache
e:\programming\c++2\kitchenpos\project1\project1\project1\debug\project1.tlog\cl.command.1.tlog
e:\programming\c++2\kitchenpos\project1\project1\project1\debug\project1.tlog\cl.read.1.tlog
e:\programming\c++2\kitchenpos\project1\project1\project1\debug\project1.tlog\cl.write.1.tlog
e:\programming\c++2\kitchenpos\project1\project1\project1\debug\project1.tlog\link.command.1.tlog
e:\programming\c++2\kitchenpos\project1\project1\project1\debug\project1.tlog\link.read.1.tlog
e:\programming\c++2\kitchenpos\project1\project1\project1\debug\project1.tlog\link.write.1.tlog
e:\programming\c++2\kitchenpos\project1\project1\project1\debug\project1.tlog\metagen.read.1.tlog
e:\programming\c++2\kitchenpos\project1\project1\project1\debug\project1.tlog\project1.write.1u.tlog
e:\programming\c++2\kitchenpos\project1\project1\project1\debug\project1.tlog\microsoft.reportviewer.common.dll.metagen
e:\programming\c++2\kitchenpos\project1\project1\project1\debug\project1.tlog\microsoft.reportviewer.winforms.dll.metagen
e:\programming\c++2\kitchenpos\project1\project1\project1\debug\project1.tlog\rsaenh.dll.bi
e:\programming\c++2\kitchenpos\project1\project1\project1\debug\project1.tlog\tzres.dll.bi
